[0.106s] DEBUG:colcon:Command line arguments: ['/usr/bin/colcon', 'build', '--symlink-install']
[0.106s] DEBUG:colcon:Parsed command line arguments: Namespace(log_base=None, log_level=None, verb_name='build', build_base='build', install_base='install', merge_install=False, symlink_install=True, test_result_base=None, continue_on_error=False, executor='parallel', parallel_workers=32, event_handlers=None, ignore_user_meta=False, metas=['./colcon.meta'], base_paths=['.'], packages_ignore=None, packages_ignore_regex=None, paths=None, packages_up_to=None, packages_up_to_regex=None, packages_above=None, packages_above_and_dependencies=None, packages_above_depth=None, packages_select_by_dep=None, packages_skip_by_dep=None, packages_skip_up_to=None, packages_select_build_failed=False, packages_skip_build_finished=False, packages_select_test_failures=False, packages_skip_test_passed=False, packages_select=None, packages_skip=None, packages_select_regex=None, packages_skip_regex=None, packages_start=None, packages_end=None, allow_overriding=[], cmake_args=None, cmake_target=None, cmake_target_skip_unavailable=False, cmake_clean_cache=False, cmake_clean_first=False, cmake_force_configure=False, ament_cmake_args=None, catkin_cmake_args=None, catkin_skip_building_tests=False, verb_parser=<colcon_defaults.argument_parser.defaults.DefaultArgumentsDecorator object at 0x7a4e33e052d0>, verb_extension=<colcon_core.verb.build.BuildVerb object at 0x7a4e33f09e40>, main=<bound method BuildVerb.main of <colcon_core.verb.build.BuildVerb object at 0x7a4e33f09e40>>)
[0.258s] Level 1:colcon.colcon_core.package_discovery:discover_packages(colcon_meta) check parameters
[0.258s] Level 1:colcon.colcon_core.package_discovery:discover_packages(recursive) check parameters
[0.258s] Level 1:colcon.colcon_core.package_discovery:discover_packages(ignore) check parameters
[0.258s] Level 1:colcon.colcon_core.package_discovery:discover_packages(path) check parameters
[0.258s] Level 1:colcon.colcon_core.package_discovery:discover_packages(colcon_meta) discover
[0.258s] Level 1:colcon.colcon_core.package_discovery:discover_packages(recursive) discover
[0.258s] INFO:colcon.colcon_core.package_discovery:Crawling recursively for packages in '/home/blackandgold/ece569-fall2024/Lab2/ws2/src/metafly_tf_pub'
[0.258s] Level 1:colcon.colcon_core.package_identification:_identify(.) by extensions ['ignore', 'ignore_ament_install']
[0.258s] Level 1:colcon.colcon_core.package_identification:_identify(.) by extension 'ignore'
[0.258s] Level 1:colcon.colcon_core.package_identification:_identify(.) by extension 'ignore_ament_install'
[0.258s] Level 1:colcon.colcon_core.package_identification:_identify(.) by extensions ['colcon_pkg']
[0.258s] Level 1:colcon.colcon_core.package_identification:_identify(.) by extension 'colcon_pkg'
[0.258s] Level 1:colcon.colcon_core.package_identification:_identify(.) by extensions ['colcon_meta']
[0.258s] Level 1:colcon.colcon_core.package_identification:_identify(.) by extension 'colcon_meta'
[0.258s] Level 1:colcon.colcon_core.package_identification:_identify(.) by extensions ['ros']
[0.258s] Level 1:colcon.colcon_core.package_identification:_identify(.) by extension 'ros'
[0.265s] DEBUG:colcon.colcon_core.package_identification:Package '.' with type 'ros.ament_python' and name 'metafly_tf_pub'
[0.265s] Level 1:colcon.colcon_core.package_discovery:discover_packages(recursive) using defaults
[0.265s] Level 1:colcon.colcon_core.package_discovery:discover_packages(ignore) discover
[0.265s] Level 1:colcon.colcon_core.package_discovery:discover_packages(ignore) using defaults
[0.265s] Level 1:colcon.colcon_core.package_discovery:discover_packages(path) discover
[0.265s] Level 1:colcon.colcon_core.package_discovery:discover_packages(path) using defaults
[0.285s] Level 1:colcon.colcon_core.package_discovery:discover_packages(prefix_path) check parameters
[0.285s] Level 1:colcon.colcon_core.package_discovery:discover_packages(prefix_path) discover
[0.289s] DEBUG:colcon.colcon_installed_package_information.package_discovery:Found 1 installed packages in /home/blackandgold/ece569-fall2024/Lab2/ws2/install
[0.293s] DEBUG:colcon.colcon_installed_package_information.package_discovery:Found 345 installed packages in /home/blackandgold/ros2_humble/install
[0.294s] DEBUG:colcon.colcon_installed_package_information.package_discovery:Found 313 installed packages in /opt/ros/humble
[0.299s] Level 1:colcon.colcon_core.package_discovery:discover_packages(prefix_path) using defaults
[0.325s] Level 5:colcon.colcon_core.verb:set package 'metafly_tf_pub' build argument 'cmake_args' from command line to 'None'
[0.325s] Level 5:colcon.colcon_core.verb:set package 'metafly_tf_pub' build argument 'cmake_target' from command line to 'None'
[0.325s] Level 5:colcon.colcon_core.verb:set package 'metafly_tf_pub' build argument 'cmake_target_skip_unavailable' from command line to 'False'
[0.325s] Level 5:colcon.colcon_core.verb:set package 'metafly_tf_pub' build argument 'cmake_clean_cache' from command line to 'False'
[0.325s] Level 5:colcon.colcon_core.verb:set package 'metafly_tf_pub' build argument 'cmake_clean_first' from command line to 'False'
[0.325s] Level 5:colcon.colcon_core.verb:set package 'metafly_tf_pub' build argument 'cmake_force_configure' from command line to 'False'
[0.325s] Level 5:colcon.colcon_core.verb:set package 'metafly_tf_pub' build argument 'ament_cmake_args' from command line to 'None'
[0.325s] Level 5:colcon.colcon_core.verb:set package 'metafly_tf_pub' build argument 'catkin_cmake_args' from command line to 'None'
[0.325s] Level 5:colcon.colcon_core.verb:set package 'metafly_tf_pub' build argument 'catkin_skip_building_tests' from command line to 'False'
[0.325s] DEBUG:colcon.colcon_core.verb:Building package 'metafly_tf_pub' with the following arguments: {'ament_cmake_args': None, 'build_base': '/home/blackandgold/ece569-fall2024/Lab2/ws2/src/metafly_tf_pub/build/metafly_tf_pub', 'catkin_cmake_args': None, 'catkin_skip_building_tests': False, 'cmake_args': None, 'cmake_clean_cache': False, 'cmake_clean_first': False, 'cmake_force_configure': False, 'cmake_target': None, 'cmake_target_skip_unavailable': False, 'install_base': '/home/blackandgold/ece569-fall2024/Lab2/ws2/src/metafly_tf_pub/install/metafly_tf_pub', 'merge_install': False, 'path': '/home/blackandgold/ece569-fall2024/Lab2/ws2/src/metafly_tf_pub', 'symlink_install': True, 'test_result_base': None}
[0.325s] INFO:colcon.colcon_core.executor:Executing jobs using 'parallel' executor
[0.326s] DEBUG:colcon.colcon_parallel_executor.executor.parallel:run_until_complete
[0.326s] INFO:colcon.colcon_ros.task.ament_python.build:Building ROS package in '/home/blackandgold/ece569-fall2024/Lab2/ws2/src/metafly_tf_pub' with build type 'ament_python'
[0.326s] Level 1:colcon.colcon_core.shell:create_environment_hook('metafly_tf_pub', 'ament_prefix_path')
[0.329s] INFO:colcon.colcon_core.plugin_system:Skipping extension 'colcon_core.shell.bat': Not used on non-Windows systems
[0.329s] INFO:colcon.colcon_core.shell:Creating environment hook '/home/blackandgold/ece569-fall2024/Lab2/ws2/src/metafly_tf_pub/install/metafly_tf_pub/share/metafly_tf_pub/hook/ament_prefix_path.ps1'
[0.329s] INFO:colcon.colcon_core.shell:Creating environment descriptor '/home/blackandgold/ece569-fall2024/Lab2/ws2/src/metafly_tf_pub/install/metafly_tf_pub/share/metafly_tf_pub/hook/ament_prefix_path.dsv'
[0.329s] INFO:colcon.colcon_core.shell:Creating environment hook '/home/blackandgold/ece569-fall2024/Lab2/ws2/src/metafly_tf_pub/install/metafly_tf_pub/share/metafly_tf_pub/hook/ament_prefix_path.sh'
[0.330s] INFO:colcon.colcon_core.shell:Skip shell extension 'powershell' for command environment: Not usable outside of PowerShell
[0.330s] DEBUG:colcon.colcon_core.shell:Skip shell extension 'dsv' for command environment
[0.609s] INFO:colcon.colcon_core.task.python.build:Building Python package in '/home/blackandgold/ece569-fall2024/Lab2/ws2/src/metafly_tf_pub'
[0.609s] INFO:colcon.colcon_core.shell:Skip shell extension 'powershell' for command environment: Not usable outside of PowerShell
[0.609s] DEBUG:colcon.colcon_core.shell:Skip shell extension 'dsv' for command environment
[1.012s] DEBUG:colcon.colcon_core.event_handler.log_command:Invoking command in '/home/blackandgold/ece569-fall2024/Lab2/ws2/src/metafly_tf_pub/build/metafly_tf_pub': PS1=\[\e]0;$(parse_ros_workspace)\a\]\[\e[1;32m\]\u\[\[\e[0;37m\]@\[\[\e[0;33m\]\h\[\[\e[1;33m\]${text}\[\[\e[0;37m\]:\[$(set_ros_workspace_color)\]$(parse_ros_workspace)\[\[\e[0;32m\]$(parse_git_bracket)\[$(set_git_color)\]$(get_gitbranch)\[\e[0;32m\]>\[\e[1;35m\]\W\[\[\e[1;35m\]$\[\[\e[0m\]\[\e[m\] PYTHONPATH=/home/blackandgold/ece569-fall2024/Lab2/ws2/src/metafly_tf_pub/build/metafly_tf_pub/prefix_override:/usr/lib/python3/dist-packages/colcon_core/task/python/colcon_distutils_commands:/home/blackandgold/ece569-fall2024/Lab2/ws2/src/metafly_tf_pub/install/metafly_tf_pub/lib/python3.10/site-packages:${PYTHONPATH} /usr/bin/python3 -W ignore:setup.py install is deprecated setup.py develop --editable --build-directory /home/blackandgold/ece569-fall2024/Lab2/ws2/src/metafly_tf_pub/build/metafly_tf_pub/build --no-deps symlink_data
[1.508s] Level 1:colcon.colcon_core.shell:create_environment_hook('metafly_tf_pub', 'pythonpath_develop')
[1.508s] INFO:colcon.colcon_core.shell:Creating environment hook '/home/blackandgold/ece569-fall2024/Lab2/ws2/src/metafly_tf_pub/build/metafly_tf_pub/share/metafly_tf_pub/hook/pythonpath_develop.ps1'
[1.509s] DEBUG:colcon.colcon_core.event_handler.log_command:Invoked command in '/home/blackandgold/ece569-fall2024/Lab2/ws2/src/metafly_tf_pub/build/metafly_tf_pub' returned '0': PS1=\[\e]0;$(parse_ros_workspace)\a\]\[\e[1;32m\]\u\[\[\e[0;37m\]@\[\[\e[0;33m\]\h\[\[\e[1;33m\]${text}\[\[\e[0;37m\]:\[$(set_ros_workspace_color)\]$(parse_ros_workspace)\[\[\e[0;32m\]$(parse_git_bracket)\[$(set_git_color)\]$(get_gitbranch)\[\e[0;32m\]>\[\e[1;35m\]\W\[\[\e[1;35m\]$\[\[\e[0m\]\[\e[m\] PYTHONPATH=/home/blackandgold/ece569-fall2024/Lab2/ws2/src/metafly_tf_pub/build/metafly_tf_pub/prefix_override:/usr/lib/python3/dist-packages/colcon_core/task/python/colcon_distutils_commands:/home/blackandgold/ece569-fall2024/Lab2/ws2/src/metafly_tf_pub/install/metafly_tf_pub/lib/python3.10/site-packages:${PYTHONPATH} /usr/bin/python3 -W ignore:setup.py install is deprecated setup.py develop --editable --build-directory /home/blackandgold/ece569-fall2024/Lab2/ws2/src/metafly_tf_pub/build/metafly_tf_pub/build --no-deps symlink_data
[1.509s] INFO:colcon.colcon_core.shell:Creating environment descriptor '/home/blackandgold/ece569-fall2024/Lab2/ws2/src/metafly_tf_pub/build/metafly_tf_pub/share/metafly_tf_pub/hook/pythonpath_develop.dsv'
[1.509s] INFO:colcon.colcon_core.shell:Creating environment hook '/home/blackandgold/ece569-fall2024/Lab2/ws2/src/metafly_tf_pub/build/metafly_tf_pub/share/metafly_tf_pub/hook/pythonpath_develop.sh'
[1.513s] Level 1:colcon.colcon_core.environment:checking '/home/blackandgold/ece569-fall2024/Lab2/ws2/src/metafly_tf_pub/install/metafly_tf_pub' for CMake module files
[1.513s] Level 1:colcon.colcon_core.environment:checking '/home/blackandgold/ece569-fall2024/Lab2/ws2/src/metafly_tf_pub/install/metafly_tf_pub' for CMake config files
[1.513s] Level 1:colcon.colcon_core.environment:checking '/home/blackandgold/ece569-fall2024/Lab2/ws2/src/metafly_tf_pub/install/metafly_tf_pub/lib'
[1.513s] Level 1:colcon.colcon_core.environment:checking '/home/blackandgold/ece569-fall2024/Lab2/ws2/src/metafly_tf_pub/install/metafly_tf_pub/bin'
[1.513s] Level 1:colcon.colcon_core.environment:checking '/home/blackandgold/ece569-fall2024/Lab2/ws2/src/metafly_tf_pub/install/metafly_tf_pub/lib/pkgconfig/metafly_tf_pub.pc'
[1.514s] Level 1:colcon.colcon_core.environment:checking '/home/blackandgold/ece569-fall2024/Lab2/ws2/src/metafly_tf_pub/install/metafly_tf_pub/lib/python3.10/site-packages'
[1.514s] Level 1:colcon.colcon_core.shell:create_environment_hook('metafly_tf_pub', 'pythonpath')
[1.514s] INFO:colcon.colcon_core.shell:Creating environment hook '/home/blackandgold/ece569-fall2024/Lab2/ws2/src/metafly_tf_pub/install/metafly_tf_pub/share/metafly_tf_pub/hook/pythonpath.ps1'
[1.514s] INFO:colcon.colcon_core.shell:Creating environment descriptor '/home/blackandgold/ece569-fall2024/Lab2/ws2/src/metafly_tf_pub/install/metafly_tf_pub/share/metafly_tf_pub/hook/pythonpath.dsv'
[1.514s] INFO:colcon.colcon_core.shell:Creating environment hook '/home/blackandgold/ece569-fall2024/Lab2/ws2/src/metafly_tf_pub/install/metafly_tf_pub/share/metafly_tf_pub/hook/pythonpath.sh'
[1.514s] Level 1:colcon.colcon_core.environment:checking '/home/blackandgold/ece569-fall2024/Lab2/ws2/src/metafly_tf_pub/install/metafly_tf_pub/bin'
[1.514s] Level 1:colcon.colcon_core.environment:create_environment_scripts_only(metafly_tf_pub)
[1.514s] INFO:colcon.colcon_core.shell:Creating package script '/home/blackandgold/ece569-fall2024/Lab2/ws2/src/metafly_tf_pub/install/metafly_tf_pub/share/metafly_tf_pub/package.ps1'
[1.515s] INFO:colcon.colcon_core.shell:Creating package descriptor '/home/blackandgold/ece569-fall2024/Lab2/ws2/src/metafly_tf_pub/install/metafly_tf_pub/share/metafly_tf_pub/package.dsv'
[1.515s] INFO:colcon.colcon_core.shell:Creating package script '/home/blackandgold/ece569-fall2024/Lab2/ws2/src/metafly_tf_pub/install/metafly_tf_pub/share/metafly_tf_pub/package.sh'
[1.515s] INFO:colcon.colcon_core.shell:Creating package script '/home/blackandgold/ece569-fall2024/Lab2/ws2/src/metafly_tf_pub/install/metafly_tf_pub/share/metafly_tf_pub/package.bash'
[1.515s] INFO:colcon.colcon_core.shell:Creating package script '/home/blackandgold/ece569-fall2024/Lab2/ws2/src/metafly_tf_pub/install/metafly_tf_pub/share/metafly_tf_pub/package.zsh'
[1.516s] Level 1:colcon.colcon_core.environment:create_file_with_runtime_dependencies(/home/blackandgold/ece569-fall2024/Lab2/ws2/src/metafly_tf_pub/install/metafly_tf_pub/share/colcon-core/packages/metafly_tf_pub)
[1.516s] DEBUG:colcon.colcon_parallel_executor.executor.parallel:closing loop
[1.516s] DEBUG:colcon.colcon_parallel_executor.executor.parallel:loop closed
[1.516s] DEBUG:colcon.colcon_parallel_executor.executor.parallel:run_until_complete finished with '0'
[1.516s] DEBUG:colcon.colcon_core.event_reactor:joining thread
[1.521s] INFO:colcon.colcon_core.plugin_system:Skipping extension 'colcon_notification.desktop_notification.terminal_notifier': Not used on non-Darwin systems
[1.521s] INFO:colcon.colcon_core.plugin_system:Skipping extension 'colcon_notification.desktop_notification.win32': Not used on non-Windows systems
[1.521s] INFO:colcon.colcon_notification.desktop_notification:Sending desktop notification using 'notify2'
[1.528s] DEBUG:colcon.colcon_core.event_reactor:joined thread
[1.528s] INFO:colcon.colcon_core.shell:Creating prefix script '/home/blackandgold/ece569-fall2024/Lab2/ws2/src/metafly_tf_pub/install/local_setup.ps1'
[1.528s] INFO:colcon.colcon_core.shell:Creating prefix util module '/home/blackandgold/ece569-fall2024/Lab2/ws2/src/metafly_tf_pub/install/_local_setup_util_ps1.py'
[1.529s] INFO:colcon.colcon_core.shell:Creating prefix chain script '/home/blackandgold/ece569-fall2024/Lab2/ws2/src/metafly_tf_pub/install/setup.ps1'
[1.533s] INFO:colcon.colcon_core.shell:Creating prefix script '/home/blackandgold/ece569-fall2024/Lab2/ws2/src/metafly_tf_pub/install/local_setup.sh'
[1.534s] INFO:colcon.colcon_core.shell:Creating prefix util module '/home/blackandgold/ece569-fall2024/Lab2/ws2/src/metafly_tf_pub/install/_local_setup_util_sh.py'
[1.534s] INFO:colcon.colcon_core.shell:Creating prefix chain script '/home/blackandgold/ece569-fall2024/Lab2/ws2/src/metafly_tf_pub/install/setup.sh'
[1.540s] INFO:colcon.colcon_core.shell:Creating prefix script '/home/blackandgold/ece569-fall2024/Lab2/ws2/src/metafly_tf_pub/install/local_setup.bash'
[1.541s] INFO:colcon.colcon_core.shell:Creating prefix chain script '/home/blackandgold/ece569-fall2024/Lab2/ws2/src/metafly_tf_pub/install/setup.bash'
[1.545s] INFO:colcon.colcon_core.shell:Creating prefix script '/home/blackandgold/ece569-fall2024/Lab2/ws2/src/metafly_tf_pub/install/local_setup.zsh'
[1.545s] INFO:colcon.colcon_core.shell:Creating prefix chain script '/home/blackandgold/ece569-fall2024/Lab2/ws2/src/metafly_tf_pub/install/setup.zsh'
