-- The C compiler identification is GNU 11.4.0
-- The CXX compiler identification is GNU 11.4.0
-- Detecting C compiler ABI info
-- Detecting C compiler ABI info - done
-- Check for working C compiler: /usr/bin/cc - skipped
-- Detecting C compile features
-- Detecting C compile features - done
-- Detecting CXX compiler ABI info
-- Detecting CXX compiler ABI info - done
-- Check for working CXX compiler: /usr/bin/c++ - skipped
-- Detecting CXX compile features
-- Detecting CXX compile features - done
-- Found ament_cmake: 1.3.6 (/home/blackandgold/ros2_humble/install/ament_cmake/share/ament_cmake/cmake)
-- Found Python3: /usr/bin/python3.10 (found version "3.10.12") found components: Interpreter 
-- Override CMake install command with custom implementation using symlinks instead of copying resources
-- Configuring done
-- Generating done
-- Build files have been written to: /home/blackandgold/ece569-fall2024/Lab2/ws2/build/metafly_description
-- Install configuration: ""
-- Execute custom install script
-- Symlinking: /home/blackandgold/ece569-fall2024/Lab2/ws2/install/metafly_description/share/ament_index/resource_index/package_run_dependencies/metafly_description
-- Symlinking: /home/blackandgold/ece569-fall2024/Lab2/ws2/install/metafly_description/share/ament_index/resource_index/parent_prefix_path/metafly_description
-- Symlinking: /home/blackandgold/ece569-fall2024/Lab2/ws2/install/metafly_description/share/metafly_description/environment/ament_prefix_path.sh
-- Symlinking: /home/blackandgold/ece569-fall2024/Lab2/ws2/install/metafly_description/share/metafly_description/environment/ament_prefix_path.dsv
-- Symlinking: /home/blackandgold/ece569-fall2024/Lab2/ws2/install/metafly_description/share/metafly_description/environment/path.sh
-- Symlinking: /home/blackandgold/ece569-fall2024/Lab2/ws2/install/metafly_description/share/metafly_description/environment/path.dsv
-- Symlinking: /home/blackandgold/ece569-fall2024/Lab2/ws2/install/metafly_description/share/metafly_description/local_setup.bash
-- Symlinking: /home/blackandgold/ece569-fall2024/Lab2/ws2/install/metafly_description/share/metafly_description/local_setup.sh
-- Symlinking: /home/blackandgold/ece569-fall2024/Lab2/ws2/install/metafly_description/share/metafly_description/local_setup.zsh
-- Symlinking: /home/blackandgold/ece569-fall2024/Lab2/ws2/install/metafly_description/share/metafly_description/local_setup.dsv
-- Symlinking: /home/blackandgold/ece569-fall2024/Lab2/ws2/install/metafly_description/share/metafly_description/package.dsv
-- Symlinking: /home/blackandgold/ece569-fall2024/Lab2/ws2/install/metafly_description/share/ament_index/resource_index/packages/metafly_description
-- Symlinking: /home/blackandgold/ece569-fall2024/Lab2/ws2/install/metafly_description/share/metafly_description/cmake/metafly_descriptionConfig.cmake
-- Symlinking: /home/blackandgold/ece569-fall2024/Lab2/ws2/install/metafly_description/share/metafly_description/cmake/metafly_descriptionConfig-version.cmake
-- Symlinking: /home/blackandgold/ece569-fall2024/Lab2/ws2/install/metafly_description/share/metafly_description/package.xml
