[0.685s] Invoking command in '/home/blackandgold/ece569-fall2024/Lab2/ws2/src/metafly_tf_pub/build/metafly_tf_pub': PS1=\[\e]0;$(parse_ros_workspace)\a\]\[\e[1;32m\]\u\[\[\e[0;37m\]@\[\[\e[0;33m\]\h\[\[\e[1;33m\]${text}\[\[\e[0;37m\]:\[$(set_ros_workspace_color)\]$(parse_ros_workspace)\[\[\e[0;32m\]$(parse_git_bracket)\[$(set_git_color)\]$(get_gitbranch)\[\e[0;32m\]>\[\e[1;35m\]\W\[\[\e[1;35m\]$\[\[\e[0m\]\[\e[m\] PYTHONPATH=/home/blackandgold/ece569-fall2024/Lab2/ws2/src/metafly_tf_pub/build/metafly_tf_pub/prefix_override:/usr/lib/python3/dist-packages/colcon_core/task/python/colcon_distutils_commands:/home/blackandgold/ece569-fall2024/Lab2/ws2/src/metafly_tf_pub/install/metafly_tf_pub/lib/python3.10/site-packages:${PYTHONPATH} /usr/bin/python3 -W ignore:setup.py install is deprecated setup.py develop --editable --build-directory /home/blackandgold/ece569-fall2024/Lab2/ws2/src/metafly_tf_pub/build/metafly_tf_pub/build --no-deps symlink_data
[0.964s] running develop
[0.964s] /usr/lib/python3/dist-packages/setuptools/command/easy_install.py:158: EasyInstallDeprecationWarning: easy_install command is deprecated. Use build and pip and other standards-based tools.
[0.964s]   warnings.warn(
[1.028s] /usr/lib/python3/dist-packages/pkg_resources/__init__.py:116: PkgResourcesDeprecationWarning: 1.12.1-git20200711.33e2d80-dfsg1-0.6 is an invalid version and will not be supported in a future release
[1.028s]   warnings.warn(
[1.135s] running egg_info
[1.135s] creating metafly_tf_pub.egg-info
[1.135s] writing metafly_tf_pub.egg-info/PKG-INFO
[1.135s] writing dependency_links to metafly_tf_pub.egg-info/dependency_links.txt
[1.135s] writing entry points to metafly_tf_pub.egg-info/entry_points.txt
[1.136s] writing requirements to metafly_tf_pub.egg-info/requires.txt
[1.136s] writing top-level names to metafly_tf_pub.egg-info/top_level.txt
[1.138s] writing manifest file 'metafly_tf_pub.egg-info/SOURCES.txt'
[1.139s] reading manifest file 'metafly_tf_pub.egg-info/SOURCES.txt'
[1.139s] writing manifest file 'metafly_tf_pub.egg-info/SOURCES.txt'
[1.164s] running build_ext
[1.164s] Creating /home/blackandgold/ece569-fall2024/Lab2/ws2/src/metafly_tf_pub/install/metafly_tf_pub/lib/python3.10/site-packages/metafly-tf-pub.egg-link (link to .)
[1.165s] Installing metafly_tf_pub script to /home/blackandgold/ece569-fall2024/Lab2/ws2/src/metafly_tf_pub/install/metafly_tf_pub/lib/metafly_tf_pub
[1.165s] 
[1.165s] Installed /home/blackandgold/ece569-fall2024/Lab2/ws2/src/metafly_tf_pub/build/metafly_tf_pub
[1.165s] running symlink_data
[1.165s] creating /home/blackandgold/ece569-fall2024/Lab2/ws2/src/metafly_tf_pub/install/metafly_tf_pub/share/ament_index
[1.165s] creating /home/blackandgold/ece569-fall2024/Lab2/ws2/src/metafly_tf_pub/install/metafly_tf_pub/share/ament_index/resource_index
[1.165s] creating /home/blackandgold/ece569-fall2024/Lab2/ws2/src/metafly_tf_pub/install/metafly_tf_pub/share/ament_index/resource_index/packages
[1.165s] symbolically linking /home/blackandgold/ece569-fall2024/Lab2/ws2/src/metafly_tf_pub/build/metafly_tf_pub/resource/metafly_tf_pub -> /home/blackandgold/ece569-fall2024/Lab2/ws2/src/metafly_tf_pub/install/metafly_tf_pub/share/ament_index/resource_index/packages
[1.165s] symbolically linking /home/blackandgold/ece569-fall2024/Lab2/ws2/src/metafly_tf_pub/build/metafly_tf_pub/package.xml -> /home/blackandgold/ece569-fall2024/Lab2/ws2/src/metafly_tf_pub/install/metafly_tf_pub/share/metafly_tf_pub
[1.165s] symbolically linking /home/blackandgold/ece569-fall2024/Lab2/ws2/src/metafly_tf_pub/build/metafly_tf_pub/resource/mocap_data.csv -> /home/blackandgold/ece569-fall2024/Lab2/ws2/src/metafly_tf_pub/install/metafly_tf_pub/share/metafly_tf_pub
[1.182s] Invoked command in '/home/blackandgold/ece569-fall2024/Lab2/ws2/src/metafly_tf_pub/build/metafly_tf_pub' returned '0': PS1=\[\e]0;$(parse_ros_workspace)\a\]\[\e[1;32m\]\u\[\[\e[0;37m\]@\[\[\e[0;33m\]\h\[\[\e[1;33m\]${text}\[\[\e[0;37m\]:\[$(set_ros_workspace_color)\]$(parse_ros_workspace)\[\[\e[0;32m\]$(parse_git_bracket)\[$(set_git_color)\]$(get_gitbranch)\[\e[0;32m\]>\[\e[1;35m\]\W\[\[\e[1;35m\]$\[\[\e[0m\]\[\e[m\] PYTHONPATH=/home/blackandgold/ece569-fall2024/Lab2/ws2/src/metafly_tf_pub/build/metafly_tf_pub/prefix_override:/usr/lib/python3/dist-packages/colcon_core/task/python/colcon_distutils_commands:/home/blackandgold/ece569-fall2024/Lab2/ws2/src/metafly_tf_pub/install/metafly_tf_pub/lib/python3.10/site-packages:${PYTHONPATH} /usr/bin/python3 -W ignore:setup.py install is deprecated setup.py develop --editable --build-directory /home/blackandgold/ece569-fall2024/Lab2/ws2/src/metafly_tf_pub/build/metafly_tf_pub/build --no-deps symlink_data
